Determining if the pthread_create exist failed with the following output:
Change Dir: /home/karen/CLionProjects/BattleOfRaces/CMakeFiles/CMakeTmp

Run Build Command:"/usr/bin/make" "cmTC_bf75d/fast"
/usr/bin/make -f CMakeFiles/cmTC_bf75d.dir/build.make CMakeFiles/cmTC_bf75d.dir/build
make[1]: вход в каталог «/home/karen/CLionProjects/BattleOfRaces/CMakeFiles/CMakeTmp»
Building C object CMakeFiles/cmTC_bf75d.dir/CheckSymbolExists.c.o
/usr/bin/cc    -o CMakeFiles/cmTC_bf75d.dir/CheckSymbolExists.c.o   -c /home/karen/CLionProjects/BattleOfRaces/CMakeFiles/CMakeTmp/CheckSymbolExists.c
Linking C executable cmTC_bf75d
/usr/bin/cmake -E cmake_link_script CMakeFiles/cmTC_bf75d.dir/link.txt --verbose=1
/usr/bin/cc      -rdynamic CMakeFiles/cmTC_bf75d.dir/CheckSymbolExists.c.o  -o cmTC_bf75d 
CMakeFiles/cmTC_bf75d.dir/CheckSymbolExists.c.o: In function `main':
CheckSymbolExists.c:(.text+0x1b): undefined reference to `pthread_create'
collect2: error: ld returned 1 exit status
CMakeFiles/cmTC_bf75d.dir/build.make:97: ошибка выполнения рецепта для цели «cmTC_bf75d»
make[1]: *** [cmTC_bf75d] Ошибка 1
make[1]: выход из каталога «/home/karen/CLionProjects/BattleOfRaces/CMakeFiles/CMakeTmp»
Makefile:126: ошибка выполнения рецепта для цели «cmTC_bf75d/fast»
make: *** [cmTC_bf75d/fast] Ошибка 2

File /home/karen/CLionProjects/BattleOfRaces/CMakeFiles/CMakeTmp/CheckSymbolExists.c:
/* */
#include <pthread.h>

int main(int argc, char** argv)
{
  (void)argv;
#ifndef pthread_create
  return ((int*)(&pthread_create))[argc];
#else
  (void)argc;
  return 0;
#endif
}

